{"/home/user/Projects/desafio-EduardoAraujo265-2025/src/abrigo-animais.js": {"path":"/home/user/Projects/desafio-EduardoAraujo265-2025/src/abrigo-animais.js","all":false,"statementMap":{"0":{"start":{"line":1,"column":0},"end":{"line":1,"column":21}},"1":{"start":{"line":2,"column":0},"end":{"line":2,"column":0}},"2":{"start":{"line":3,"column":0},"end":{"line":3,"column":71}},"3":{"start":{"line":4,"column":0},"end":{"line":4,"column":33}},"4":{"start":{"line":5,"column":0},"end":{"line":5,"column":23}},"5":{"start":{"line":6,"column":0},"end":{"line":6,"column":76}},"6":{"start":{"line":7,"column":0},"end":{"line":7,"column":80}},"7":{"start":{"line":8,"column":0},"end":{"line":8,"column":87}},"8":{"start":{"line":9,"column":0},"end":{"line":9,"column":79}},"9":{"start":{"line":10,"column":0},"end":{"line":10,"column":81}},"10":{"start":{"line":11,"column":0},"end":{"line":11,"column":86}},"11":{"start":{"line":12,"column":0},"end":{"line":12,"column":81}},"12":{"start":{"line":13,"column":0},"end":{"line":13,"column":24}},"13":{"start":{"line":14,"column":0},"end":{"line":14,"column":0}},"14":{"start":{"line":15,"column":0},"end":{"line":15,"column":27}},"15":{"start":{"line":16,"column":0},"end":{"line":16,"column":79}},"16":{"start":{"line":17,"column":0},"end":{"line":17,"column":52}},"17":{"start":{"line":18,"column":0},"end":{"line":18,"column":52}},"18":{"start":{"line":19,"column":0},"end":{"line":19,"column":53}},"19":{"start":{"line":20,"column":0},"end":{"line":20,"column":0}},"20":{"start":{"line":21,"column":0},"end":{"line":21,"column":0}},"21":{"start":{"line":22,"column":0},"end":{"line":22,"column":78}},"22":{"start":{"line":23,"column":0},"end":{"line":23,"column":8}},"23":{"start":{"line":24,"column":0},"end":{"line":24,"column":12}},"24":{"start":{"line":25,"column":0},"end":{"line":25,"column":28}},"25":{"start":{"line":26,"column":0},"end":{"line":26,"column":44}},"26":{"start":{"line":27,"column":0},"end":{"line":27,"column":17}},"27":{"start":{"line":28,"column":0},"end":{"line":28,"column":8}},"28":{"start":{"line":29,"column":0},"end":{"line":29,"column":0}},"29":{"start":{"line":30,"column":0},"end":{"line":30,"column":78}},"30":{"start":{"line":31,"column":0},"end":{"line":31,"column":8}},"31":{"start":{"line":32,"column":0},"end":{"line":32,"column":12}},"32":{"start":{"line":33,"column":0},"end":{"line":33,"column":17}},"33":{"start":{"line":34,"column":0},"end":{"line":34,"column":44}},"34":{"start":{"line":35,"column":0},"end":{"line":35,"column":17}},"35":{"start":{"line":36,"column":0},"end":{"line":36,"column":8}},"36":{"start":{"line":37,"column":0},"end":{"line":37,"column":0}},"37":{"start":{"line":38,"column":0},"end":{"line":38,"column":76}},"38":{"start":{"line":39,"column":0},"end":{"line":39,"column":25}},"39":{"start":{"line":40,"column":0},"end":{"line":40,"column":41}},"40":{"start":{"line":41,"column":0},"end":{"line":41,"column":49}},"41":{"start":{"line":42,"column":0},"end":{"line":42,"column":76}},"42":{"start":{"line":43,"column":0},"end":{"line":43,"column":6}},"43":{"start":{"line":44,"column":0},"end":{"line":44,"column":29}},"44":{"start":{"line":45,"column":0},"end":{"line":45,"column":24}},"45":{"start":{"line":46,"column":0},"end":{"line":46,"column":7}},"46":{"start":{"line":47,"column":0},"end":{"line":47,"column":7}},"47":{"start":{"line":48,"column":0},"end":{"line":48,"column":0}},"48":{"start":{"line":49,"column":0},"end":{"line":49,"column":19}},"49":{"start":{"line":50,"column":0},"end":{"line":50,"column":26}},"50":{"start":{"line":51,"column":0},"end":{"line":51,"column":32}},"51":{"start":{"line":52,"column":0},"end":{"line":52,"column":8}},"52":{"start":{"line":53,"column":0},"end":{"line":53,"column":10}},"53":{"start":{"line":54,"column":0},"end":{"line":54,"column":32}},"54":{"start":{"line":55,"column":0},"end":{"line":55,"column":32}},"55":{"start":{"line":56,"column":0},"end":{"line":56,"column":45}},"56":{"start":{"line":57,"column":0},"end":{"line":57,"column":45}},"57":{"start":{"line":58,"column":0},"end":{"line":58,"column":43}},"58":{"start":{"line":59,"column":0},"end":{"line":59,"column":43}},"59":{"start":{"line":60,"column":0},"end":{"line":60,"column":43}},"60":{"start":{"line":61,"column":0},"end":{"line":61,"column":30}},"61":{"start":{"line":62,"column":0},"end":{"line":62,"column":30}},"62":{"start":{"line":63,"column":0},"end":{"line":63,"column":0}},"63":{"start":{"line":64,"column":0},"end":{"line":64,"column":47}},"64":{"start":{"line":65,"column":0},"end":{"line":65,"column":82}},"65":{"start":{"line":66,"column":0},"end":{"line":66,"column":64}},"66":{"start":{"line":67,"column":0},"end":{"line":67,"column":0}},"67":{"start":{"line":68,"column":0},"end":{"line":68,"column":37}},"68":{"start":{"line":69,"column":0},"end":{"line":69,"column":26}},"69":{"start":{"line":70,"column":0},"end":{"line":70,"column":103}},"70":{"start":{"line":71,"column":0},"end":{"line":71,"column":0}},"71":{"start":{"line":72,"column":0},"end":{"line":72,"column":61}},"72":{"start":{"line":73,"column":0},"end":{"line":73,"column":63}},"73":{"start":{"line":74,"column":0},"end":{"line":74,"column":23}},"74":{"start":{"line":75,"column":0},"end":{"line":75,"column":57}},"75":{"start":{"line":76,"column":0},"end":{"line":76,"column":86}},"76":{"start":{"line":77,"column":0},"end":{"line":77,"column":50}},"77":{"start":{"line":78,"column":0},"end":{"line":78,"column":25}},"78":{"start":{"line":79,"column":0},"end":{"line":79,"column":9}},"79":{"start":{"line":80,"column":0},"end":{"line":80,"column":10}},"80":{"start":{"line":81,"column":0},"end":{"line":81,"column":0}},"81":{"start":{"line":82,"column":0},"end":{"line":82,"column":48}},"82":{"start":{"line":83,"column":0},"end":{"line":83,"column":88}},"83":{"start":{"line":84,"column":0},"end":{"line":84,"column":64}},"84":{"start":{"line":85,"column":0},"end":{"line":85,"column":37}},"85":{"start":{"line":86,"column":0},"end":{"line":86,"column":17}},"86":{"start":{"line":87,"column":0},"end":{"line":87,"column":90}},"87":{"start":{"line":88,"column":0},"end":{"line":88,"column":45}},"88":{"start":{"line":89,"column":0},"end":{"line":89,"column":78}},"89":{"start":{"line":90,"column":0},"end":{"line":90,"column":35}},"90":{"start":{"line":91,"column":0},"end":{"line":91,"column":11}},"91":{"start":{"line":92,"column":0},"end":{"line":92,"column":9}},"92":{"start":{"line":93,"column":0},"end":{"line":93,"column":6}},"93":{"start":{"line":94,"column":0},"end":{"line":94,"column":10}},"94":{"start":{"line":95,"column":0},"end":{"line":95,"column":0}},"95":{"start":{"line":96,"column":0},"end":{"line":96,"column":30}},"96":{"start":{"line":97,"column":0},"end":{"line":97,"column":49}},"97":{"start":{"line":98,"column":0},"end":{"line":98,"column":72}},"98":{"start":{"line":99,"column":0},"end":{"line":99,"column":55}},"99":{"start":{"line":100,"column":0},"end":{"line":100,"column":76}},"100":{"start":{"line":101,"column":0},"end":{"line":101,"column":38}},"101":{"start":{"line":102,"column":0},"end":{"line":102,"column":78}},"102":{"start":{"line":103,"column":0},"end":{"line":103,"column":32}},"103":{"start":{"line":104,"column":0},"end":{"line":104,"column":20}},"104":{"start":{"line":105,"column":0},"end":{"line":105,"column":80}},"105":{"start":{"line":106,"column":0},"end":{"line":106,"column":34}},"106":{"start":{"line":107,"column":0},"end":{"line":107,"column":9}},"107":{"start":{"line":108,"column":0},"end":{"line":108,"column":7}},"108":{"start":{"line":109,"column":0},"end":{"line":109,"column":0}},"109":{"start":{"line":110,"column":0},"end":{"line":110,"column":7}},"110":{"start":{"line":111,"column":0},"end":{"line":111,"column":27}},"111":{"start":{"line":112,"column":0},"end":{"line":112,"column":21}},"112":{"start":{"line":113,"column":0},"end":{"line":113,"column":4}},"113":{"start":{"line":114,"column":0},"end":{"line":114,"column":3}},"114":{"start":{"line":115,"column":0},"end":{"line":115,"column":5}},"115":{"start":{"line":116,"column":0},"end":{"line":116,"column":0}},"116":{"start":{"line":117,"column":0},"end":{"line":117,"column":0}},"117":{"start":{"line":118,"column":0},"end":{"line":118,"column":0}},"118":{"start":{"line":119,"column":0},"end":{"line":119,"column":42}}},"s":{"0":1,"1":1,"2":1,"3":3,"4":3,"5":3,"6":3,"7":3,"8":3,"9":3,"10":3,"11":3,"12":3,"13":3,"14":3,"15":3,"16":3,"17":3,"18":3,"19":3,"20":3,"21":3,"22":3,"23":3,"24":0,"25":0,"26":0,"27":3,"28":3,"29":3,"30":3,"31":3,"32":0,"33":0,"34":0,"35":3,"36":3,"37":3,"38":3,"39":3,"40":3,"41":7,"42":7,"43":7,"44":1,"45":1,"46":3,"47":3,"48":3,"49":1,"50":1,"51":1,"52":3,"53":2,"54":2,"55":2,"56":2,"57":2,"58":6,"59":6,"60":6,"61":6,"62":6,"63":6,"64":12,"65":0,"66":0,"67":0,"68":12,"69":12,"70":6,"71":6,"72":4,"73":4,"74":6,"75":6,"76":2,"77":2,"78":6,"79":6,"80":6,"81":6,"82":20,"83":0,"84":0,"85":20,"86":20,"87":7,"88":7,"89":2,"90":2,"91":7,"92":20,"93":6,"94":6,"95":6,"96":6,"97":3,"98":3,"99":1,"100":3,"101":1,"102":1,"103":1,"104":1,"105":1,"106":1,"107":6,"108":6,"109":2,"110":2,"111":2,"112":2,"113":3,"114":1,"115":1,"116":1,"117":1,"118":1},"branchMap":{"0":{"type":"branch","line":3,"loc":{"start":{"line":3,"column":2},"end":{"line":114,"column":3}},"locations":[{"start":{"line":3,"column":2},"end":{"line":114,"column":3}}]},"1":{"type":"branch","line":24,"loc":{"start":{"line":24,"column":7},"end":{"line":28,"column":7}},"locations":[{"start":{"line":24,"column":7},"end":{"line":28,"column":7}}]},"2":{"type":"branch","line":32,"loc":{"start":{"line":32,"column":7},"end":{"line":36,"column":7}},"locations":[{"start":{"line":32,"column":7},"end":{"line":36,"column":7}}]},"3":{"type":"branch","line":49,"loc":{"start":{"line":49,"column":18},"end":{"line":53,"column":5}},"locations":[{"start":{"line":49,"column":18},"end":{"line":53,"column":5}}]},"4":{"type":"branch","line":53,"loc":{"start":{"line":53,"column":5},"end":{"line":114,"column":1}},"locations":[{"start":{"line":53,"column":5},"end":{"line":114,"column":1}}]},"5":{"type":"branch","line":22,"loc":{"start":{"line":22,"column":24},"end":{"line":22,"column":74}},"locations":[{"start":{"line":22,"column":24},"end":{"line":22,"column":74}}]},"6":{"type":"branch","line":30,"loc":{"start":{"line":30,"column":24},"end":{"line":30,"column":74}},"locations":[{"start":{"line":30,"column":24},"end":{"line":30,"column":74}}]},"7":{"type":"branch","line":41,"loc":{"start":{"line":41,"column":29},"end":{"line":47,"column":5}},"locations":[{"start":{"line":41,"column":29},"end":{"line":47,"column":5}}]},"8":{"type":"branch","line":44,"loc":{"start":{"line":44,"column":28},"end":{"line":46,"column":7}},"locations":[{"start":{"line":44,"column":28},"end":{"line":46,"column":7}}]},"9":{"type":"branch","line":42,"loc":{"start":{"line":42,"column":39},"end":{"line":42,"column":74}},"locations":[{"start":{"line":42,"column":39},"end":{"line":42,"column":74}}]},"10":{"type":"branch","line":58,"loc":{"start":{"line":58,"column":23},"end":{"line":110,"column":5}},"locations":[{"start":{"line":58,"column":23},"end":{"line":110,"column":5}}]},"11":{"type":"branch","line":97,"loc":{"start":{"line":97,"column":27},"end":{"line":97,"column":47}},"locations":[{"start":{"line":97,"column":27},"end":{"line":97,"column":47}}]},"12":{"type":"branch","line":97,"loc":{"start":{"line":97,"column":48},"end":{"line":107,"column":9}},"locations":[{"start":{"line":97,"column":48},"end":{"line":107,"column":9}}]},"13":{"type":"branch","line":99,"loc":{"start":{"line":99,"column":34},"end":{"line":99,"column":53}},"locations":[{"start":{"line":99,"column":34},"end":{"line":99,"column":53}}]},"14":{"type":"branch","line":99,"loc":{"start":{"line":99,"column":54},"end":{"line":101,"column":13}},"locations":[{"start":{"line":99,"column":54},"end":{"line":101,"column":13}}]},"15":{"type":"branch","line":101,"loc":{"start":{"line":101,"column":13},"end":{"line":107,"column":9}},"locations":[{"start":{"line":101,"column":13},"end":{"line":107,"column":9}}]},"16":{"type":"branch","line":101,"loc":{"start":{"line":101,"column":37},"end":{"line":107,"column":9}},"locations":[{"start":{"line":101,"column":37},"end":{"line":107,"column":9}}]},"17":{"type":"branch","line":64,"loc":{"start":{"line":64,"column":25},"end":{"line":80,"column":8}},"locations":[{"start":{"line":64,"column":25},"end":{"line":80,"column":8}}]},"18":{"type":"branch","line":65,"loc":{"start":{"line":65,"column":57},"end":{"line":65,"column":79}},"locations":[{"start":{"line":65,"column":57},"end":{"line":65,"column":79}}]},"19":{"type":"branch","line":65,"loc":{"start":{"line":65,"column":81},"end":{"line":69,"column":21}},"locations":[{"start":{"line":65,"column":81},"end":{"line":69,"column":21}}]},"20":{"type":"branch","line":70,"loc":{"start":{"line":70,"column":102},"end":{"line":79,"column":9}},"locations":[{"start":{"line":70,"column":102},"end":{"line":79,"column":9}}]},"21":{"type":"branch","line":72,"loc":{"start":{"line":72,"column":60},"end":{"line":74,"column":23}},"locations":[{"start":{"line":72,"column":60},"end":{"line":74,"column":23}}]},"22":{"type":"branch","line":76,"loc":{"start":{"line":76,"column":85},"end":{"line":78,"column":25}},"locations":[{"start":{"line":76,"column":85},"end":{"line":78,"column":25}}]},"23":{"type":"branch","line":82,"loc":{"start":{"line":82,"column":25},"end":{"line":94,"column":8}},"locations":[{"start":{"line":82,"column":25},"end":{"line":94,"column":8}}]},"24":{"type":"branch","line":83,"loc":{"start":{"line":83,"column":63},"end":{"line":83,"column":85}},"locations":[{"start":{"line":83,"column":63},"end":{"line":83,"column":85}}]},"25":{"type":"branch","line":83,"loc":{"start":{"line":83,"column":87},"end":{"line":86,"column":12}},"locations":[{"start":{"line":83,"column":87},"end":{"line":86,"column":12}}]},"26":{"type":"branch","line":87,"loc":{"start":{"line":87,"column":89},"end":{"line":92,"column":9}},"locations":[{"start":{"line":87,"column":89},"end":{"line":92,"column":9}}]},"27":{"type":"branch","line":89,"loc":{"start":{"line":89,"column":77},"end":{"line":91,"column":11}},"locations":[{"start":{"line":89,"column":77},"end":{"line":91,"column":11}}]}},"b":{"0":[3],"1":[0],"2":[0],"3":[1],"4":[2],"5":[6],"6":[8],"7":[7],"8":[1],"9":[22],"10":[6],"11":[4],"12":[3],"13":[2],"14":[1],"15":[2],"16":[1],"17":[12],"18":[0],"19":[0],"20":[6],"21":[4],"22":[2],"23":[20],"24":[0],"25":[0],"26":[7],"27":[2]},"fnMap":{"0":{"name":"encontraPessoas","decl":{"start":{"line":3,"column":2},"end":{"line":114,"column":3}},"loc":{"start":{"line":3,"column":2},"end":{"line":114,"column":3}},"line":3}},"f":{"0":3}}
}
