{"/home/user/Projects/desafio-EduardoAraujo265-2025/src/abrigo-animais.js": {"path":"/home/user/Projects/desafio-EduardoAraujo265-2025/src/abrigo-animais.js","all":false,"statementMap":{"0":{"start":{"line":1,"column":0},"end":{"line":1,"column":21}},"1":{"start":{"line":2,"column":0},"end":{"line":2,"column":71}},"2":{"start":{"line":3,"column":0},"end":{"line":3,"column":34}},"3":{"start":{"line":4,"column":0},"end":{"line":4,"column":21}},"4":{"start":{"line":5,"column":0},"end":{"line":5,"column":66}},"5":{"start":{"line":6,"column":0},"end":{"line":6,"column":69}},"6":{"start":{"line":7,"column":0},"end":{"line":7,"column":77}},"7":{"start":{"line":8,"column":0},"end":{"line":8,"column":68}},"8":{"start":{"line":9,"column":0},"end":{"line":9,"column":70}},"9":{"start":{"line":10,"column":0},"end":{"line":10,"column":76}},"10":{"start":{"line":11,"column":0},"end":{"line":11,"column":71}},"11":{"start":{"line":12,"column":0},"end":{"line":12,"column":6}},"12":{"start":{"line":13,"column":0},"end":{"line":13,"column":0}},"13":{"start":{"line":14,"column":0},"end":{"line":14,"column":27}},"14":{"start":{"line":15,"column":0},"end":{"line":15,"column":31}},"15":{"start":{"line":16,"column":0},"end":{"line":16,"column":13}},"16":{"start":{"line":17,"column":0},"end":{"line":17,"column":13}},"17":{"start":{"line":18,"column":0},"end":{"line":18,"column":14}},"18":{"start":{"line":19,"column":0},"end":{"line":19,"column":15}},"19":{"start":{"line":20,"column":0},"end":{"line":20,"column":14}},"20":{"start":{"line":21,"column":0},"end":{"line":21,"column":14}},"21":{"start":{"line":22,"column":0},"end":{"line":22,"column":6}},"22":{"start":{"line":23,"column":0},"end":{"line":23,"column":52}},"23":{"start":{"line":24,"column":0},"end":{"line":24,"column":52}},"24":{"start":{"line":25,"column":0},"end":{"line":25,"column":53}},"25":{"start":{"line":26,"column":0},"end":{"line":26,"column":0}},"26":{"start":{"line":27,"column":0},"end":{"line":27,"column":8}},"27":{"start":{"line":28,"column":0},"end":{"line":28,"column":76}},"28":{"start":{"line":29,"column":0},"end":{"line":29,"column":7}},"29":{"start":{"line":30,"column":0},"end":{"line":30,"column":12}},"30":{"start":{"line":31,"column":0},"end":{"line":31,"column":27}},"31":{"start":{"line":32,"column":0},"end":{"line":32,"column":35}},"32":{"start":{"line":33,"column":0},"end":{"line":33,"column":9}},"33":{"start":{"line":34,"column":0},"end":{"line":34,"column":5}},"34":{"start":{"line":35,"column":0},"end":{"line":35,"column":0}},"35":{"start":{"line":36,"column":0},"end":{"line":36,"column":8}},"36":{"start":{"line":37,"column":0},"end":{"line":37,"column":76}},"37":{"start":{"line":38,"column":0},"end":{"line":38,"column":7}},"38":{"start":{"line":39,"column":0},"end":{"line":39,"column":12}},"39":{"start":{"line":40,"column":0},"end":{"line":40,"column":14}},"40":{"start":{"line":41,"column":0},"end":{"line":41,"column":35}},"41":{"start":{"line":42,"column":0},"end":{"line":42,"column":8}},"42":{"start":{"line":43,"column":0},"end":{"line":43,"column":5}},"43":{"start":{"line":44,"column":0},"end":{"line":44,"column":0}},"44":{"start":{"line":45,"column":0},"end":{"line":45,"column":76}},"45":{"start":{"line":46,"column":0},"end":{"line":46,"column":24}},"46":{"start":{"line":47,"column":0},"end":{"line":47,"column":28}},"47":{"start":{"line":48,"column":0},"end":{"line":48,"column":50}},"48":{"start":{"line":49,"column":0},"end":{"line":49,"column":78}},"49":{"start":{"line":50,"column":0},"end":{"line":50,"column":0}},"50":{"start":{"line":51,"column":0},"end":{"line":51,"column":31}},"51":{"start":{"line":52,"column":0},"end":{"line":52,"column":26}},"52":{"start":{"line":53,"column":0},"end":{"line":53,"column":7}},"53":{"start":{"line":54,"column":0},"end":{"line":54,"column":7}},"54":{"start":{"line":55,"column":0},"end":{"line":55,"column":0}},"55":{"start":{"line":56,"column":0},"end":{"line":56,"column":21}},"56":{"start":{"line":57,"column":0},"end":{"line":57,"column":27}},"57":{"start":{"line":58,"column":0},"end":{"line":58,"column":32}},"58":{"start":{"line":59,"column":0},"end":{"line":59,"column":9}},"59":{"start":{"line":60,"column":0},"end":{"line":60,"column":12}},"60":{"start":{"line":61,"column":0},"end":{"line":61,"column":34}},"61":{"start":{"line":62,"column":0},"end":{"line":62,"column":34}},"62":{"start":{"line":63,"column":0},"end":{"line":63,"column":47}},"63":{"start":{"line":64,"column":0},"end":{"line":64,"column":47}},"64":{"start":{"line":65,"column":0},"end":{"line":65,"column":46}},"65":{"start":{"line":66,"column":0},"end":{"line":66,"column":45}},"66":{"start":{"line":67,"column":0},"end":{"line":67,"column":45}},"67":{"start":{"line":68,"column":0},"end":{"line":68,"column":32}},"68":{"start":{"line":69,"column":0},"end":{"line":69,"column":32}},"69":{"start":{"line":70,"column":0},"end":{"line":70,"column":0}},"70":{"start":{"line":71,"column":0},"end":{"line":71,"column":50}},"71":{"start":{"line":72,"column":0},"end":{"line":72,"column":77}},"72":{"start":{"line":73,"column":0},"end":{"line":73,"column":65}},"73":{"start":{"line":74,"column":0},"end":{"line":74,"column":49}},"74":{"start":{"line":75,"column":0},"end":{"line":75,"column":18}},"75":{"start":{"line":76,"column":0},"end":{"line":76,"column":77}},"76":{"start":{"line":77,"column":0},"end":{"line":77,"column":17}},"77":{"start":{"line":78,"column":0},"end":{"line":78,"column":39}},"78":{"start":{"line":79,"column":0},"end":{"line":79,"column":15}},"79":{"start":{"line":80,"column":0},"end":{"line":80,"column":13}},"80":{"start":{"line":81,"column":0},"end":{"line":81,"column":18}},"81":{"start":{"line":82,"column":0},"end":{"line":82,"column":16}},"82":{"start":{"line":83,"column":0},"end":{"line":83,"column":79}},"83":{"start":{"line":84,"column":0},"end":{"line":84,"column":22}},"84":{"start":{"line":85,"column":0},"end":{"line":85,"column":15}},"85":{"start":{"line":86,"column":0},"end":{"line":86,"column":0}},"86":{"start":{"line":87,"column":0},"end":{"line":87,"column":49}},"87":{"start":{"line":88,"column":0},"end":{"line":88,"column":18}},"88":{"start":{"line":89,"column":0},"end":{"line":89,"column":77}},"89":{"start":{"line":90,"column":0},"end":{"line":90,"column":17}},"90":{"start":{"line":91,"column":0},"end":{"line":91,"column":39}},"91":{"start":{"line":92,"column":0},"end":{"line":92,"column":15}},"92":{"start":{"line":93,"column":0},"end":{"line":93,"column":13}},"93":{"start":{"line":94,"column":0},"end":{"line":94,"column":11}},"94":{"start":{"line":95,"column":0},"end":{"line":95,"column":11}},"95":{"start":{"line":96,"column":0},"end":{"line":96,"column":0}},"96":{"start":{"line":97,"column":0},"end":{"line":97,"column":51}},"97":{"start":{"line":98,"column":0},"end":{"line":98,"column":77}},"98":{"start":{"line":99,"column":0},"end":{"line":99,"column":66}},"99":{"start":{"line":100,"column":0},"end":{"line":100,"column":49}},"100":{"start":{"line":101,"column":0},"end":{"line":101,"column":18}},"101":{"start":{"line":102,"column":0},"end":{"line":102,"column":77}},"102":{"start":{"line":103,"column":0},"end":{"line":103,"column":17}},"103":{"start":{"line":104,"column":0},"end":{"line":104,"column":39}},"104":{"start":{"line":105,"column":0},"end":{"line":105,"column":15}},"105":{"start":{"line":106,"column":0},"end":{"line":106,"column":13}},"106":{"start":{"line":107,"column":0},"end":{"line":107,"column":18}},"107":{"start":{"line":108,"column":0},"end":{"line":108,"column":16}},"108":{"start":{"line":109,"column":0},"end":{"line":109,"column":79}},"109":{"start":{"line":110,"column":0},"end":{"line":110,"column":23}},"110":{"start":{"line":111,"column":0},"end":{"line":111,"column":15}},"111":{"start":{"line":112,"column":0},"end":{"line":112,"column":49}},"112":{"start":{"line":113,"column":0},"end":{"line":113,"column":18}},"113":{"start":{"line":114,"column":0},"end":{"line":114,"column":77}},"114":{"start":{"line":115,"column":0},"end":{"line":115,"column":17}},"115":{"start":{"line":116,"column":0},"end":{"line":116,"column":39}},"116":{"start":{"line":117,"column":0},"end":{"line":117,"column":15}},"117":{"start":{"line":118,"column":0},"end":{"line":118,"column":13}},"118":{"start":{"line":119,"column":0},"end":{"line":119,"column":11}},"119":{"start":{"line":120,"column":0},"end":{"line":120,"column":11}},"120":{"start":{"line":121,"column":0},"end":{"line":121,"column":0}},"121":{"start":{"line":122,"column":0},"end":{"line":122,"column":34}},"122":{"start":{"line":123,"column":0},"end":{"line":123,"column":0}},"123":{"start":{"line":124,"column":0},"end":{"line":124,"column":53}},"124":{"start":{"line":125,"column":0},"end":{"line":125,"column":12}},"125":{"start":{"line":126,"column":0},"end":{"line":126,"column":74}},"126":{"start":{"line":127,"column":0},"end":{"line":127,"column":58}},"127":{"start":{"line":128,"column":0},"end":{"line":128,"column":74}},"128":{"start":{"line":129,"column":0},"end":{"line":129,"column":39}},"129":{"start":{"line":130,"column":0},"end":{"line":130,"column":54}},"130":{"start":{"line":131,"column":0},"end":{"line":131,"column":70}},"131":{"start":{"line":132,"column":0},"end":{"line":132,"column":70}},"132":{"start":{"line":133,"column":0},"end":{"line":133,"column":68}},"133":{"start":{"line":134,"column":0},"end":{"line":134,"column":20}},"134":{"start":{"line":135,"column":0},"end":{"line":135,"column":76}},"135":{"start":{"line":136,"column":0},"end":{"line":136,"column":30}},"136":{"start":{"line":137,"column":0},"end":{"line":137,"column":18}},"137":{"start":{"line":138,"column":0},"end":{"line":138,"column":56}},"138":{"start":{"line":139,"column":0},"end":{"line":139,"column":70}},"139":{"start":{"line":140,"column":0},"end":{"line":140,"column":70}},"140":{"start":{"line":141,"column":0},"end":{"line":141,"column":68}},"141":{"start":{"line":142,"column":0},"end":{"line":142,"column":19}},"142":{"start":{"line":143,"column":0},"end":{"line":143,"column":15}},"143":{"start":{"line":144,"column":0},"end":{"line":144,"column":76}},"144":{"start":{"line":145,"column":0},"end":{"line":145,"column":30}},"145":{"start":{"line":146,"column":0},"end":{"line":146,"column":11}},"146":{"start":{"line":147,"column":0},"end":{"line":147,"column":9}},"147":{"start":{"line":148,"column":0},"end":{"line":148,"column":9}},"148":{"start":{"line":149,"column":0},"end":{"line":149,"column":29}},"149":{"start":{"line":150,"column":0},"end":{"line":150,"column":23}},"150":{"start":{"line":151,"column":0},"end":{"line":151,"column":5}},"151":{"start":{"line":152,"column":0},"end":{"line":152,"column":3}},"152":{"start":{"line":153,"column":0},"end":{"line":153,"column":1}},"153":{"start":{"line":154,"column":0},"end":{"line":154,"column":0}},"154":{"start":{"line":155,"column":0},"end":{"line":155,"column":42}}},"s":{"0":1,"1":1,"2":6,"3":6,"4":6,"5":6,"6":6,"7":6,"8":6,"9":6,"10":6,"11":6,"12":6,"13":6,"14":6,"15":6,"16":6,"17":6,"18":6,"19":6,"20":6,"21":6,"22":6,"23":6,"24":6,"25":6,"26":6,"27":6,"28":6,"29":6,"30":0,"31":0,"32":0,"33":0,"34":6,"35":6,"36":6,"37":6,"38":6,"39":1,"40":1,"41":1,"42":1,"43":5,"44":5,"45":5,"46":5,"47":5,"48":11,"49":11,"50":11,"51":1,"52":1,"53":5,"54":5,"55":6,"56":1,"57":1,"58":1,"59":6,"60":4,"61":4,"62":4,"63":4,"64":4,"65":10,"66":10,"67":10,"68":10,"69":10,"70":10,"71":24,"72":3,"73":2,"74":2,"75":2,"76":2,"77":1,"78":1,"79":2,"80":24,"81":21,"82":21,"83":21,"84":21,"85":10,"86":10,"87":10,"88":10,"89":10,"90":4,"91":4,"92":10,"93":21,"94":10,"95":10,"96":10,"97":28,"98":2,"99":1,"100":1,"101":1,"102":1,"103":0,"104":0,"105":1,"106":28,"107":26,"108":26,"109":26,"110":26,"111":9,"112":9,"113":9,"114":9,"115":2,"116":2,"117":9,"118":26,"119":10,"120":10,"121":10,"122":10,"123":10,"124":4,"125":4,"126":10,"127":1,"128":6,"129":4,"130":1,"131":3,"132":2,"133":1,"134":4,"135":4,"136":5,"137":1,"138":1,"139":4,"140":3,"141":1,"142":1,"143":1,"144":1,"145":1,"146":10,"147":4,"148":4,"149":4,"150":4,"151":6,"152":1,"153":1,"154":1},"branchMap":{"0":{"type":"branch","line":2,"loc":{"start":{"line":2,"column":2},"end":{"line":152,"column":3}},"locations":[{"start":{"line":2,"column":2},"end":{"line":152,"column":3}}]},"1":{"type":"branch","line":30,"loc":{"start":{"line":30,"column":5},"end":{"line":34,"column":5}},"locations":[{"start":{"line":30,"column":5},"end":{"line":34,"column":5}}]},"2":{"type":"branch","line":38,"loc":{"start":{"line":38,"column":6},"end":{"line":39,"column":5}},"locations":[{"start":{"line":38,"column":6},"end":{"line":39,"column":5}}]},"3":{"type":"branch","line":39,"loc":{"start":{"line":39,"column":5},"end":{"line":43,"column":5}},"locations":[{"start":{"line":39,"column":5},"end":{"line":43,"column":5}}]},"4":{"type":"branch","line":43,"loc":{"start":{"line":43,"column":4},"end":{"line":56,"column":20}},"locations":[{"start":{"line":43,"column":4},"end":{"line":56,"column":20}}]},"5":{"type":"branch","line":56,"loc":{"start":{"line":56,"column":20},"end":{"line":60,"column":5}},"locations":[{"start":{"line":56,"column":20},"end":{"line":60,"column":5}}]},"6":{"type":"branch","line":60,"loc":{"start":{"line":60,"column":5},"end":{"line":151,"column":5}},"locations":[{"start":{"line":60,"column":5},"end":{"line":151,"column":5}}]},"7":{"type":"branch","line":28,"loc":{"start":{"line":28,"column":24},"end":{"line":28,"column":75}},"locations":[{"start":{"line":28,"column":24},"end":{"line":28,"column":75}}]},"8":{"type":"branch","line":37,"loc":{"start":{"line":37,"column":24},"end":{"line":37,"column":75}},"locations":[{"start":{"line":37,"column":24},"end":{"line":37,"column":75}}]},"9":{"type":"branch","line":48,"loc":{"start":{"line":48,"column":29},"end":{"line":54,"column":5}},"locations":[{"start":{"line":48,"column":29},"end":{"line":54,"column":5}}]},"10":{"type":"branch","line":51,"loc":{"start":{"line":51,"column":30},"end":{"line":53,"column":7}},"locations":[{"start":{"line":51,"column":30},"end":{"line":53,"column":7}}]},"11":{"type":"branch","line":49,"loc":{"start":{"line":49,"column":40},"end":{"line":49,"column":76}},"locations":[{"start":{"line":49,"column":40},"end":{"line":49,"column":76}}]},"12":{"type":"branch","line":65,"loc":{"start":{"line":65,"column":25},"end":{"line":148,"column":7}},"locations":[{"start":{"line":65,"column":25},"end":{"line":148,"column":7}}]},"13":{"type":"branch","line":124,"loc":{"start":{"line":124,"column":30},"end":{"line":124,"column":50}},"locations":[{"start":{"line":124,"column":30},"end":{"line":124,"column":50}}]},"14":{"type":"branch","line":124,"loc":{"start":{"line":124,"column":52},"end":{"line":127,"column":11}},"locations":[{"start":{"line":124,"column":52},"end":{"line":127,"column":11}}]},"15":{"type":"branch","line":127,"loc":{"start":{"line":127,"column":11},"end":{"line":146,"column":11}},"locations":[{"start":{"line":127,"column":11},"end":{"line":146,"column":11}}]},"16":{"type":"branch","line":127,"loc":{"start":{"line":127,"column":36},"end":{"line":127,"column":55}},"locations":[{"start":{"line":127,"column":36},"end":{"line":127,"column":55}}]},"17":{"type":"branch","line":127,"loc":{"start":{"line":127,"column":57},"end":{"line":129,"column":11}},"locations":[{"start":{"line":127,"column":57},"end":{"line":129,"column":11}}]},"18":{"type":"branch","line":129,"loc":{"start":{"line":129,"column":11},"end":{"line":146,"column":11}},"locations":[{"start":{"line":129,"column":11},"end":{"line":146,"column":11}}]},"19":{"type":"branch","line":129,"loc":{"start":{"line":129,"column":38},"end":{"line":137,"column":11}},"locations":[{"start":{"line":129,"column":38},"end":{"line":137,"column":11}}]},"20":{"type":"branch","line":130,"loc":{"start":{"line":130,"column":53},"end":{"line":134,"column":20}},"locations":[{"start":{"line":130,"column":53},"end":{"line":134,"column":20}}]},"21":{"type":"branch","line":137,"loc":{"start":{"line":137,"column":11},"end":{"line":146,"column":11}},"locations":[{"start":{"line":137,"column":11},"end":{"line":146,"column":11}}]},"22":{"type":"branch","line":71,"loc":{"start":{"line":71,"column":27},"end":{"line":95,"column":9}},"locations":[{"start":{"line":71,"column":27},"end":{"line":95,"column":9}}]},"23":{"type":"branch","line":72,"loc":{"start":{"line":72,"column":51},"end":{"line":72,"column":74}},"locations":[{"start":{"line":72,"column":51},"end":{"line":72,"column":74}}]},"24":{"type":"branch","line":72,"loc":{"start":{"line":72,"column":76},"end":{"line":81,"column":11}},"locations":[{"start":{"line":72,"column":76},"end":{"line":81,"column":11}}]},"25":{"type":"branch","line":73,"loc":{"start":{"line":73,"column":64},"end":{"line":80,"column":13}},"locations":[{"start":{"line":73,"column":64},"end":{"line":80,"column":13}}]},"26":{"type":"branch","line":77,"loc":{"start":{"line":77,"column":16},"end":{"line":79,"column":15}},"locations":[{"start":{"line":77,"column":16},"end":{"line":79,"column":15}}]},"27":{"type":"branch","line":81,"loc":{"start":{"line":81,"column":11},"end":{"line":94,"column":11}},"locations":[{"start":{"line":81,"column":11},"end":{"line":94,"column":11}}]},"28":{"type":"branch","line":85,"loc":{"start":{"line":85,"column":14},"end":{"line":93,"column":13}},"locations":[{"start":{"line":85,"column":14},"end":{"line":93,"column":13}}]},"29":{"type":"branch","line":90,"loc":{"start":{"line":90,"column":16},"end":{"line":92,"column":15}},"locations":[{"start":{"line":90,"column":16},"end":{"line":92,"column":15}}]},"30":{"type":"branch","line":97,"loc":{"start":{"line":97,"column":27},"end":{"line":120,"column":9}},"locations":[{"start":{"line":97,"column":27},"end":{"line":120,"column":9}}]},"31":{"type":"branch","line":98,"loc":{"start":{"line":98,"column":51},"end":{"line":98,"column":74}},"locations":[{"start":{"line":98,"column":51},"end":{"line":98,"column":74}}]},"32":{"type":"branch","line":98,"loc":{"start":{"line":98,"column":76},"end":{"line":107,"column":11}},"locations":[{"start":{"line":98,"column":76},"end":{"line":107,"column":11}}]},"33":{"type":"branch","line":99,"loc":{"start":{"line":99,"column":65},"end":{"line":106,"column":13}},"locations":[{"start":{"line":99,"column":65},"end":{"line":106,"column":13}}]},"34":{"type":"branch","line":103,"loc":{"start":{"line":103,"column":16},"end":{"line":105,"column":15}},"locations":[{"start":{"line":103,"column":16},"end":{"line":105,"column":15}}]},"35":{"type":"branch","line":107,"loc":{"start":{"line":107,"column":11},"end":{"line":119,"column":11}},"locations":[{"start":{"line":107,"column":11},"end":{"line":119,"column":11}}]},"36":{"type":"branch","line":111,"loc":{"start":{"line":111,"column":14},"end":{"line":118,"column":13}},"locations":[{"start":{"line":111,"column":14},"end":{"line":118,"column":13}}]},"37":{"type":"branch","line":115,"loc":{"start":{"line":115,"column":16},"end":{"line":117,"column":15}},"locations":[{"start":{"line":115,"column":16},"end":{"line":117,"column":15}}]},"38":{"type":"branch","line":131,"loc":{"start":{"line":131,"column":35},"end":{"line":134,"column":17}},"locations":[{"start":{"line":131,"column":35},"end":{"line":134,"column":17}}]},"39":{"type":"branch","line":132,"loc":{"start":{"line":132,"column":69},"end":{"line":133,"column":68}},"locations":[{"start":{"line":132,"column":69},"end":{"line":133,"column":68}}]},"40":{"type":"branch","line":139,"loc":{"start":{"line":139,"column":35},"end":{"line":142,"column":17}},"locations":[{"start":{"line":139,"column":35},"end":{"line":142,"column":17}}]},"41":{"type":"branch","line":140,"loc":{"start":{"line":140,"column":69},"end":{"line":141,"column":68}},"locations":[{"start":{"line":140,"column":69},"end":{"line":141,"column":68}}]}},"b":{"0":[6],"1":[0],"2":[5],"3":[1],"4":[5],"5":[1],"6":[4],"7":[14],"8":[13],"9":[11],"10":[1],"11":[35],"12":[10],"13":[5],"14":[4],"15":[6],"16":[5],"17":[1],"18":[5],"19":[4],"20":[1],"21":[1],"22":[24],"23":[3],"24":[3],"25":[2],"26":[1],"27":[21],"28":[10],"29":[4],"30":[28],"31":[2],"32":[2],"33":[1],"34":[0],"35":[26],"36":[9],"37":[2],"38":[3],"39":[2],"40":[4],"41":[3]},"fnMap":{"0":{"name":"encontraPessoas","decl":{"start":{"line":2,"column":2},"end":{"line":152,"column":3}},"loc":{"start":{"line":2,"column":2},"end":{"line":152,"column":3}},"line":2}},"f":{"0":6}}
}
