TN:
SF:src/abrigo-animais.js
FN:3,encontraPessoas
FNF:1
FNH:1
FNDA:3,encontraPessoas
DA:1,1
DA:2,1
DA:3,1
DA:4,3
DA:5,3
DA:6,3
DA:7,3
DA:8,3
DA:9,3
DA:10,3
DA:11,3
DA:12,3
DA:13,3
DA:14,3
DA:15,3
DA:16,3
DA:17,3
DA:18,3
DA:19,3
DA:20,3
DA:21,3
DA:22,3
DA:23,3
DA:24,3
DA:25,0
DA:26,0
DA:27,0
DA:28,3
DA:29,3
DA:30,3
DA:31,3
DA:32,3
DA:33,0
DA:34,0
DA:35,0
DA:36,3
DA:37,3
DA:38,3
DA:39,3
DA:40,3
DA:41,3
DA:42,7
DA:43,7
DA:44,7
DA:45,1
DA:46,1
DA:47,3
DA:48,3
DA:49,3
DA:50,1
DA:51,1
DA:52,1
DA:53,3
DA:54,2
DA:55,2
DA:56,2
DA:57,2
DA:58,2
DA:59,6
DA:60,6
DA:61,6
DA:62,6
DA:63,6
DA:64,6
DA:65,12
DA:66,0
DA:67,0
DA:68,0
DA:69,12
DA:70,12
DA:71,6
DA:72,6
DA:73,4
DA:74,4
DA:75,6
DA:76,6
DA:77,2
DA:78,2
DA:79,6
DA:80,6
DA:81,6
DA:82,6
DA:83,20
DA:84,0
DA:85,0
DA:86,20
DA:87,20
DA:88,7
DA:89,7
DA:90,2
DA:91,2
DA:92,7
DA:93,20
DA:94,6
DA:95,6
DA:96,6
DA:97,6
DA:98,3
DA:99,3
DA:100,1
DA:101,3
DA:102,1
DA:103,1
DA:104,1
DA:105,1
DA:106,1
DA:107,1
DA:108,6
DA:109,6
DA:110,2
DA:111,2
DA:112,2
DA:113,2
DA:114,3
DA:115,1
DA:116,1
DA:117,1
DA:118,1
DA:119,1
LF:119
LH:108
BRDA:3,0,0,3
BRDA:24,1,0,0
BRDA:32,2,0,0
BRDA:49,3,0,1
BRDA:53,4,0,2
BRDA:22,5,0,6
BRDA:30,6,0,8
BRDA:41,7,0,7
BRDA:44,8,0,1
BRDA:42,9,0,22
BRDA:58,10,0,6
BRDA:97,11,0,4
BRDA:97,12,0,3
BRDA:99,13,0,2
BRDA:99,14,0,1
BRDA:101,15,0,2
BRDA:101,16,0,1
BRDA:64,17,0,12
BRDA:65,18,0,0
BRDA:65,19,0,0
BRDA:70,20,0,6
BRDA:72,21,0,4
BRDA:76,22,0,2
BRDA:82,23,0,20
BRDA:83,24,0,0
BRDA:83,25,0,0
BRDA:87,26,0,7
BRDA:89,27,0,2
BRF:28
BRH:22
end_of_record
