TN:
SF:src/abrigo-animais.js
FN:2,encontraPessoas
FNF:1
FNH:1
FNDA:6,encontraPessoas
DA:1,1
DA:2,1
DA:3,6
DA:4,6
DA:5,6
DA:6,6
DA:7,6
DA:8,6
DA:9,6
DA:10,6
DA:11,6
DA:12,6
DA:13,6
DA:14,6
DA:15,6
DA:16,6
DA:17,6
DA:18,6
DA:19,6
DA:20,6
DA:21,6
DA:22,6
DA:23,6
DA:24,6
DA:25,6
DA:26,6
DA:27,6
DA:28,6
DA:29,6
DA:30,6
DA:31,0
DA:32,0
DA:33,0
DA:34,0
DA:35,6
DA:36,6
DA:37,6
DA:38,6
DA:39,6
DA:40,1
DA:41,1
DA:42,1
DA:43,1
DA:44,5
DA:45,5
DA:46,5
DA:47,5
DA:48,5
DA:49,11
DA:50,11
DA:51,11
DA:52,1
DA:53,1
DA:54,5
DA:55,5
DA:56,6
DA:57,1
DA:58,1
DA:59,1
DA:60,6
DA:61,4
DA:62,4
DA:63,4
DA:64,4
DA:65,4
DA:66,10
DA:67,10
DA:68,10
DA:69,10
DA:70,10
DA:71,10
DA:72,24
DA:73,3
DA:74,2
DA:75,2
DA:76,2
DA:77,2
DA:78,1
DA:79,1
DA:80,2
DA:81,24
DA:82,21
DA:83,21
DA:84,21
DA:85,21
DA:86,10
DA:87,10
DA:88,10
DA:89,10
DA:90,10
DA:91,4
DA:92,4
DA:93,10
DA:94,21
DA:95,10
DA:96,10
DA:97,10
DA:98,28
DA:99,2
DA:100,1
DA:101,1
DA:102,1
DA:103,1
DA:104,0
DA:105,0
DA:106,1
DA:107,28
DA:108,26
DA:109,26
DA:110,26
DA:111,26
DA:112,9
DA:113,9
DA:114,9
DA:115,9
DA:116,2
DA:117,2
DA:118,9
DA:119,26
DA:120,10
DA:121,10
DA:122,10
DA:123,10
DA:124,10
DA:125,4
DA:126,4
DA:127,10
DA:128,1
DA:129,6
DA:130,4
DA:131,1
DA:132,3
DA:133,2
DA:134,1
DA:135,4
DA:136,4
DA:137,5
DA:138,1
DA:139,1
DA:140,4
DA:141,3
DA:142,1
DA:143,1
DA:144,1
DA:145,1
DA:146,1
DA:147,10
DA:148,4
DA:149,4
DA:150,4
DA:151,4
DA:152,6
DA:153,1
DA:154,1
DA:155,1
LF:155
LH:149
BRDA:2,0,0,6
BRDA:30,1,0,0
BRDA:38,2,0,5
BRDA:39,3,0,1
BRDA:43,4,0,5
BRDA:56,5,0,1
BRDA:60,6,0,4
BRDA:28,7,0,14
BRDA:37,8,0,13
BRDA:48,9,0,11
BRDA:51,10,0,1
BRDA:49,11,0,35
BRDA:65,12,0,10
BRDA:124,13,0,5
BRDA:124,14,0,4
BRDA:127,15,0,6
BRDA:127,16,0,5
BRDA:127,17,0,1
BRDA:129,18,0,5
BRDA:129,19,0,4
BRDA:130,20,0,1
BRDA:137,21,0,1
BRDA:71,22,0,24
BRDA:72,23,0,3
BRDA:72,24,0,3
BRDA:73,25,0,2
BRDA:77,26,0,1
BRDA:81,27,0,21
BRDA:85,28,0,10
BRDA:90,29,0,4
BRDA:97,30,0,28
BRDA:98,31,0,2
BRDA:98,32,0,2
BRDA:99,33,0,1
BRDA:103,34,0,0
BRDA:107,35,0,26
BRDA:111,36,0,9
BRDA:115,37,0,2
BRDA:131,38,0,3
BRDA:132,39,0,2
BRDA:139,40,0,4
BRDA:140,41,0,3
BRF:42
BRH:40
end_of_record
